c:\users\jack\source\repos\asynattach0\asynattach0\x64\debug\vc141.pdb
c:\users\jack\source\repos\asynattach0\asynattach0\x64\debug\main.obj
c:\users\jack\source\repos\asynattach0\x64\debug\asynattach0\asynattach0.cat
c:\users\jack\source\repos\asynattach0\x64\debug\asynattach0.sys
c:\users\jack\source\repos\asynattach0\x64\debug\asynattach0.pdb
c:\users\jack\source\repos\asynattach0\asynattach0\x64\debug\asynattach0.inf
c:\users\jack\source\repos\asynattach0\x64\debug\asynattach0.cer
c:\users\jack\source\repos\asynattach0\x64\debug\asynattach0.inf
c:\users\jack\source\repos\asynattach0\asynattach0\x64\debug\asynattach0.tlog\cl.command.1.tlog
c:\users\jack\source\repos\asynattach0\asynattach0\x64\debug\asynattach0.tlog\cl.read.1.tlog
c:\users\jack\source\repos\asynattach0\asynattach0\x64\debug\asynattach0.tlog\cl.write.1.tlog
c:\users\jack\source\repos\asynattach0\asynattach0\x64\debug\asynattach0.tlog\inf2cat-expand.18360.read.1.tlog
c:\users\jack\source\repos\asynattach0\asynattach0\x64\debug\asynattach0.tlog\inf2cat-expand.18360.write.1.tlog
c:\users\jack\source\repos\asynattach0\asynattach0\x64\debug\asynattach0.tlog\inf2cat-expand.read.1.tlog
c:\users\jack\source\repos\asynattach0\asynattach0\x64\debug\asynattach0.tlog\inf2cat-expand.write.1.tlog
c:\users\jack\source\repos\asynattach0\asynattach0\x64\debug\asynattach0.tlog\inf2cat.command.1.tlog
c:\users\jack\source\repos\asynattach0\asynattach0\x64\debug\asynattach0.tlog\inf2cat.read.1.tlog
c:\users\jack\source\repos\asynattach0\asynattach0\x64\debug\asynattach0.tlog\inf2cat.write.1.tlog
c:\users\jack\source\repos\asynattach0\asynattach0\x64\debug\asynattach0.tlog\link.command.1.tlog
c:\users\jack\source\repos\asynattach0\asynattach0\x64\debug\asynattach0.tlog\link.read.1.tlog
c:\users\jack\source\repos\asynattach0\asynattach0\x64\debug\asynattach0.tlog\link.write.1.tlog
c:\users\jack\source\repos\asynattach0\asynattach0\x64\debug\asynattach0.tlog\signtool.command.1.tlog
c:\users\jack\source\repos\asynattach0\asynattach0\x64\debug\asynattach0.tlog\signtool.read.1.tlog
c:\users\jack\source\repos\asynattach0\asynattach0\x64\debug\asynattach0.tlog\signtool.timestamp.1.tlog
c:\users\jack\source\repos\asynattach0\asynattach0\x64\debug\asynattach0.tlog\signtool.write.1.tlog
c:\users\jack\source\repos\asynattach0\asynattach0\x64\debug\asynattach0.tlog\stampinf.command.1.tlog
c:\users\jack\source\repos\asynattach0\asynattach0\x64\debug\asynattach0.tlog\stampinf.read.1.tlog
c:\users\jack\source\repos\asynattach0\asynattach0\x64\debug\asynattach0.tlog\stampinf.write.1.tlog
