c:\users\jack\source\repos\kmdf64hook\kmdf64hook\x64\debug\vc141.pdb
c:\users\jack\source\repos\kmdf64hook\kmdf64hook\x64\debug\mydriver.obj
c:\users\jack\source\repos\kmdf64hook\x64\debug\kmdf64hook\kmdf64hook.cat
c:\users\jack\source\repos\kmdf64hook\x64\debug\kmdf64hook.sys
c:\users\jack\source\repos\kmdf64hook\x64\debug\kmdf64hook.pdb
c:\users\jack\source\repos\kmdf64hook\kmdf64hook\x64\debug\kmdf64hook.inf
c:\users\jack\source\repos\kmdf64hook\x64\debug\kmdf64hook.cer
c:\users\jack\source\repos\kmdf64hook\x64\debug\kmdf64hook.inf
c:\users\jack\source\repos\kmdf64hook\kmdf64hook\x64\debug\kmdf64hook.tlog\cl.command.1.tlog
c:\users\jack\source\repos\kmdf64hook\kmdf64hook\x64\debug\kmdf64hook.tlog\cl.read.1.tlog
c:\users\jack\source\repos\kmdf64hook\kmdf64hook\x64\debug\kmdf64hook.tlog\cl.write.1.tlog
c:\users\jack\source\repos\kmdf64hook\kmdf64hook\x64\debug\kmdf64hook.tlog\inf2cat-expand.22256.read.1.tlog
c:\users\jack\source\repos\kmdf64hook\kmdf64hook\x64\debug\kmdf64hook.tlog\inf2cat-expand.22256.write.1.tlog
c:\users\jack\source\repos\kmdf64hook\kmdf64hook\x64\debug\kmdf64hook.tlog\inf2cat-expand.read.1.tlog
c:\users\jack\source\repos\kmdf64hook\kmdf64hook\x64\debug\kmdf64hook.tlog\inf2cat-expand.write.1.tlog
c:\users\jack\source\repos\kmdf64hook\kmdf64hook\x64\debug\kmdf64hook.tlog\inf2cat.command.1.tlog
c:\users\jack\source\repos\kmdf64hook\kmdf64hook\x64\debug\kmdf64hook.tlog\inf2cat.read.1.tlog
c:\users\jack\source\repos\kmdf64hook\kmdf64hook\x64\debug\kmdf64hook.tlog\inf2cat.write.1.tlog
c:\users\jack\source\repos\kmdf64hook\kmdf64hook\x64\debug\kmdf64hook.tlog\link.command.1.tlog
c:\users\jack\source\repos\kmdf64hook\kmdf64hook\x64\debug\kmdf64hook.tlog\link.read.1.tlog
c:\users\jack\source\repos\kmdf64hook\kmdf64hook\x64\debug\kmdf64hook.tlog\link.write.1.tlog
c:\users\jack\source\repos\kmdf64hook\kmdf64hook\x64\debug\kmdf64hook.tlog\signtool.command.1.tlog
c:\users\jack\source\repos\kmdf64hook\kmdf64hook\x64\debug\kmdf64hook.tlog\signtool.read.1.tlog
c:\users\jack\source\repos\kmdf64hook\kmdf64hook\x64\debug\kmdf64hook.tlog\signtool.timestamp.1.tlog
c:\users\jack\source\repos\kmdf64hook\kmdf64hook\x64\debug\kmdf64hook.tlog\signtool.write.1.tlog
c:\users\jack\source\repos\kmdf64hook\kmdf64hook\x64\debug\kmdf64hook.tlog\stampinf.command.1.tlog
c:\users\jack\source\repos\kmdf64hook\kmdf64hook\x64\debug\kmdf64hook.tlog\stampinf.read.1.tlog
c:\users\jack\source\repos\kmdf64hook\kmdf64hook\x64\debug\kmdf64hook.tlog\stampinf.write.1.tlog
